<?xml version="1.0" encoding="UTF-8"?>
<!-- Generated by org.testng.reporters.JUnitReportReporter -->
<testsuite hostname="LAPTOP-UHQ1VRAF" failures="0" tests="1" name="com.fis.UIAutomationEbay.AddToCartTest" time="26.738" errors="0" timestamp="2025-07-28T21:17:20 IST" skipped="0">
  <testcase classname="com.fis.UIAutomationEbay.AddToCartTest" name="verifyAddToCart" time="26.738"/>
</testsuite> <!-- com.fis.UIAutomationEbay.AddToCartTest -->
